Assembler report for Project_VHDL
Tue May 30 17:37:02 2023
Quartus Prime Version 22.1std.0 Build 915 10/25/2022 SC Lite Edition


---------------------
; Table of Contents ;
---------------------
  1. Legal Notice
  2. Assembler Summary
  3. Assembler Settings
  4. Assembler Generated Files
  5. Assembler Device Options: C:/Users/jaser/OneDrive/Desktop/IUG/3ed year/2nd Semester/VHDL - lab/Project/Project_VHDL/output_files/Project_VHDL.pof
  6. Assembler Messages



----------------
; Legal Notice ;
----------------
Copyright (C) 2022  Intel Corporation. All rights reserved.
Your use of Intel Corporation's design tools, logic functions 
and other software and tools, and any partner logic 
functions, and any output files from any of the foregoing 
(including device programming or simulation files), and any 
associated documentation or information are expressly subject 
to the terms and conditions of the Intel Program License 
Subscription Agreement, the Intel Quartus Prime License Agreement,
the Intel FPGA IP License Agreement, or other applicable license
agreement, including, without limitation, that your use is for
the sole purpose of programming logic devices manufactured by
Intel and sold by Intel or its authorized distributors.  Please
refer to the applicable agreement for further details, at
https://fpgasoftware.intel.com/eula.



+---------------------------------------------------------------+
; Assembler Summary                                             ;
+-----------------------+---------------------------------------+
; Assembler Status      ; Successful - Tue May 30 17:37:02 2023 ;
; Revision Name         ; Project_VHDL                          ;
; Top-level Entity Name ; main                                  ;
; Family                ; MAX V                                 ;
; Device                ; 5M570ZM100C4                          ;
+-----------------------+---------------------------------------+


+----------------------------------+
; Assembler Settings               ;
+--------+---------+---------------+
; Option ; Setting ; Default Value ;
+--------+---------+---------------+


+-------------------------------------------------------------------------------------------------------------------------+
; Assembler Generated Files                                                                                               ;
+-------------------------------------------------------------------------------------------------------------------------+
; File Name                                                                                                               ;
+-------------------------------------------------------------------------------------------------------------------------+
; C:/Users/jaser/OneDrive/Desktop/IUG/3ed year/2nd Semester/VHDL - lab/Project/Project_VHDL/output_files/Project_VHDL.pof ;
+-------------------------------------------------------------------------------------------------------------------------+


+---------------------------------------------------------------------------------------------------------------------------------------------------+
; Assembler Device Options: C:/Users/jaser/OneDrive/Desktop/IUG/3ed year/2nd Semester/VHDL - lab/Project/Project_VHDL/output_files/Project_VHDL.pof ;
+----------------+----------------------------------------------------------------------------------------------------------------------------------+
; Option         ; Setting                                                                                                                          ;
+----------------+----------------------------------------------------------------------------------------------------------------------------------+
; JTAG usercode  ; 0x002E1856                                                                                                                       ;
; Checksum       ; 0x002E1890                                                                                                                       ;
+----------------+----------------------------------------------------------------------------------------------------------------------------------+


+--------------------+
; Assembler Messages ;
+--------------------+
Info: *******************************************************************
Info: Running Quartus Prime Assembler
    Info: Version 22.1std.0 Build 915 10/25/2022 SC Lite Edition
    Info: Processing started: Tue May 30 17:37:01 2023
Info: Command: quartus_asm --read_settings_files=off --write_settings_files=off Project_VHDL -c Project_VHDL
Warning (18236): Number of processors has not been specified which may cause overloading on shared machines.  Set the global assignment NUM_PARALLEL_PROCESSORS in your QSF to an appropriate value for best performance.
Info (115031): Writing out detailed assembly data for power analysis
Info (115030): Assembler is generating device programming files
Info: Quartus Prime Assembler was successful. 0 errors, 1 warning
    Info: Peak virtual memory: 4675 megabytes
    Info: Processing ended: Tue May 30 17:37:02 2023
    Info: Elapsed time: 00:00:01
    Info: Total CPU time (on all processors): 00:00:01


